c:\users\xenoboi\desktop\3009 project\code\project\x64\debug\vc143.pdb
c:\users\xenoboi\desktop\3009 project\code\project\x64\debug\vc143.idb
c:\users\xenoboi\desktop\3009 project\code\project\x64\debug\main.obj
c:\users\xenoboi\desktop\3009 project\code\project\x64\debug\emit_particles .obj
c:\users\xenoboi\desktop\3009 project\code\project\x64\debug\solution.obj
c:\users\xenoboi\desktop\3009 project\code\project\x64\debug\point_emit_particles.obj
c:\users\xenoboi\desktop\3009 project\code\project\x64\debug\graphicsobject.obj
c:\users\xenoboi\desktop\3009 project\code\project\x64\debug\camera.obj
c:\users\xenoboi\desktop\3009 project\code\project\x64\debug\shader.obj
c:\users\xenoboi\desktop\3009 project\code\x64\debug\project.exe
c:\users\xenoboi\desktop\3009 project\code\x64\debug\project.pdb
c:\users\xenoboi\desktop\3009 project\code\project\x64\debug\project.ilk
c:\users\xenoboi\desktop\3009 project\code\project\x64\debug\project.tlog\cl.command.1.tlog
c:\users\xenoboi\desktop\3009 project\code\project\x64\debug\project.tlog\cl.items.tlog
c:\users\xenoboi\desktop\3009 project\code\project\x64\debug\project.tlog\cl.read.1.tlog
c:\users\xenoboi\desktop\3009 project\code\project\x64\debug\project.tlog\cl.write.1.tlog
c:\users\xenoboi\desktop\3009 project\code\project\x64\debug\project.tlog\link.command.1.tlog
c:\users\xenoboi\desktop\3009 project\code\project\x64\debug\project.tlog\link.read.1.tlog
c:\users\xenoboi\desktop\3009 project\code\project\x64\debug\project.tlog\link.secondary.1.tlog
c:\users\xenoboi\desktop\3009 project\code\project\x64\debug\project.tlog\link.write.1.tlog
